Qflow migration logfile created on Fri Jul 26 20:52:33 IST 2024
magic -dnull -noconsole  migrate_ALU.tcl

Magic 8.3 revision 50 - Compiled on Wed Jul 24 16:37:46 IST 2024.
Starting magic under Tcl interpreter
Using the terminal as the console.
Using NULL graphics device.
Processing system .magicrc file
Input style lambda=0.20(p): scaleFactor=20, multiplier=1
Contact size value ignored (using GDS generation rules).
Contact size value ignored (using GDS generation rules).
Contact size value ignored (using GDS generation rules).
Contact size value ignored (using GDS generation rules).
Contact size value ignored (using GDS generation rules).
Contact size value ignored (using GDS generation rules).
4 Magic internal units = 1 Lambda
Loading "migrate_ALU.tcl" from command line.
Root cell box:
           width x height  (   llx,  lly  ), (   urx,  ury  )

microns:    0.00 x 0.00    (  0.00,  0.00 ), (  0.00,  0.00 )
lambda:     0.00 x 0.00    (  0.00,  0.00 ), (  0.00,  0.00 )
internal:      0 x 0       (     0,  0    ), (     0,  0    )
Reading LEF data from file /usr/local/share/qflow/tech/osu035/osu035_stdcells.lef.
This action cannot be undone.
LEF read, Line 16 (Message): Unknown keyword "OBS" in LEF file; ignoring.
LEF read, Line 17 (Message): Unknown keyword "PIN" in LEF file; ignoring.
LEF read: Processed 3179 lines.
Reading DEF data from file ALU.def.
This action cannot be undone.
  Processed 3 vias total.
  Processed 753 subcell instances total.
  Processed 33 pins total.
  Processed 688 nets total.
DEF read, Line 9682 (Warning): Number of nets read (142) does not match the number declared (144).
DEF read: Processed 9683 lines.
DEF Read: encountered 1 warning total.
Generating LEF output ALU.lef for cell ALU:
Diagnostic:  Write LEF header for cell ALU
Diagnostic:  Writing LEF output for cell ALU
Diagnostic:  Scale value is 0.050000
Extracting BUFX4 into BUFX4.ext:
Completed 100%
Extracting INVX4 into INVX4.ext:
Completed 100%
Extracting MUX2X1 into MUX2X1.ext:
Completed 100%
Extracting OAI22X1 into OAI22X1.ext:
Completed 100%
Extracting AOI22X1 into AOI22X1.ext:
Completed 100%
Extracting NOR3X1 into NOR3X1.ext:
Completed 100%
Extracting AND2X2 into AND2X2.ext:
Completed 100%
Extracting OR2X2 into OR2X2.ext:
Completed 100%
Extracting INVX2 into INVX2.ext:
Completed 100%
Extracting FILL into FILL.ext:
Completed 100%
Extracting AOI21X1 into AOI21X1.ext:
Completed 100%
Extracting INVX1 into INVX1.ext:
Completed 100%
Extracting OAI21X1 into OAI21X1.ext:
Completed 100%
Extracting NOR2X1 into NOR2X1.ext:
Completed 100%
Extracting NAND2X1 into NAND2X1.ext:
Completed 100%
Extracting NAND3X1 into NAND3X1.ext:
Completed 100%
Extracting BUFX2 into BUFX2.ext:
Completed 100%
Extracting XOR2X1 into XOR2X1.ext:
Completed 100%
Extracting XNOR2X1 into XNOR2X1.ext:
Completed 100%
Extracting ALU into ALU.ext:
Completed 5%
Completed 11%
Completed 16%
Completed 21%
Completed 27%
Completed 32%
Completed 38%
Completed 43%
Completed 48%
Completed 54%
Completed 59%
Completed 64%
Completed 70%
Completed 75%
Completed 80%
Completed 86%
Completed 91%
Completed 96%
Completed 100%
exttospice finished.
Migration script ended on Fri Jul 26 20:52:35 IST 2024
