Qflow placement logfile created on Fri Jul 26 20:52:14 IST 2024
Running blif2cel to generate input files for graywolf
blif2cel.tcl --blif /home/vboxuser/vsdflow/synthesis/ALU.blif  --lef  /usr/local/share/qflow/tech/osu035/osu035_stdcells.lef --cel /home/vboxuser/vsdflow/layout/ALU.cel 
Opened BLIF file (/home/vboxuser/vsdflow/synthesis/ALU.blif) for reading ...
Opened CEL file (/home/vboxuser/vsdflow/layout/ALU.cel) for writing...
Loaded /usr/local/share/qflow/tech/osu035/osu035_stdcells.lef file for reading...
1st pass of blif file /home/vboxuser/vsdflow/synthesis/ALU.blif. . .
Reading macros and/or technology data from LEF file. . .
LEF file specifies route layer Y pitch as 2
LEF file specifies route layer X pitch as 1.6
Parsing macro AND2X2
Parsing macro AOI21X1
Parsing macro AOI22X1
Parsing macro BUFX2
Parsing macro BUFX4
Parsing macro NOR3X1
Parsing macro INVX1
Parsing macro INVX2
Parsing macro INVX4
Parsing macro NAND2X1
Parsing macro NAND3X1
Parsing macro NOR2X1
Parsing macro OAI21X1
Parsing macro OAI22X1
Parsing macro OR2X2
Parsing macro XOR2X1
Parsing macro MUX2X1
Parsing macro XNOR2X1
2nd pass of blif file. . .
3rd pass of blif file. . .
Done!
No ALU.cel1 file found for project. . . no partial blockages to apply to layout.
No ALU.cel2 file found for project. . . continuing without pin placement hints
Running GrayWolf placement
graywolf  ALU

twflow version:2.1 date:Mon May 25 21:15:08 EDT 1992
Authors: Bill Swartz, Carl Sechen
         Yale University

syntax version:v1.1 date:Mon May 25 21:11:10 EDT 1992
TimberWolf System Syntax Checker
Authors: Carl Sechen, Kai-Win Lee, Bill Swartz,
         Dahe Chen, and Jimmy Lam
         Yale University

Read   50 objects so far...
Read  100 objects so far...
Read  150 objects so far...
Read  200 objects so far...
Read  250 objects so far...
Read  300 objects so far...
Read  350 objects so far...
Read  400 objects so far...
Read  450 objects so far...
Read  500 objects so far...
Read  550 objects so far...
Read  600 objects so far...
Read  650 objects so far...
No syntax errors were found

syntax terminated normally with no errors and 0 warning[s]


----------------------------
Total stdcells     :657
Total cell width   :3.80e+05
Total cell height  :1.31e+06
Total cell area    :7.60e+08
Total core area    :7.60e+08
Average cell height:2.00e+03


nocut - replacement for Mincut version:v1.0 date:Mon May 25 21:09:40 EDT 1992
TimberWolf System Floorplan Setup Program
Authors: Carl Sechen, Bill Swartz,
         Yale University

Read   50 objects so far...
Read  100 objects so far...
Read  150 objects so far...
Read  200 objects so far...
Read  250 objects so far...
Read  300 objects so far...
Read  350 objects so far...
Read  400 objects so far...
Read  450 objects so far...
Read  500 objects so far...
Read  550 objects so far...
Read  600 objects so far...
Read  650 objects so far...
Splitting ALU.cel into ALU.scel and ALU.mcel...
	done!


nocut - replacement for Mincut terminated normally with no errors and 0 warning[s]


TimberWolfMC version:v2.2 date:Mon May 25 21:18:34 EDT 1992
Authors: Carl Sechen, Bill Swartz, Kai-Win Lee
         Dahe Chen, and Jimmy Lam
         Yale University

config version:v1.0 date:Mon May 25 20:57:18 EDT 1992
Row configuration program
    Yale University


config switches:
	Graphics mode on
	config will inherit window



config terminated normally with no errors and 0 warning[s]


TimberWolfMC terminated normally with no errors and 0 warning[s]



TimberWolfSC switches:
	Graphics mode on
	TimberWolfSC will inherit window

TimberWolfSC version:v6.0 date:Mon May 25 21:19:07 EDT 1992
Row-Based Placement and Global Routing Program
Authors: Carl Sechen, Kai-Win Lee, and Bill Swartz,
         Yale University
  0 
  1   2   3   4   5   6   7   8   9  10  11  12  13  14  15 
 16  17  18  19  20  21  22  23  24  25  26  27  28  29  30 
 31  32  33  34  35  36  37  38  39  40  41  42  43  44  45 
 46  47  48  49  50  51  52  53  54  55  56  57  58  59  60 
 61  62  63  64  65  66  67  68  69  70  71  72  73  74  75 
 76  77  78  79  80  81  82  83  84  85  86  87  88  89  90 
 91  92  93  94  95  96  97  98  99 100 101 102 103 104 105 
106 107 108 109 110 111 112 113 114 115 116 117 118 119 120 
121 122 123 124 125 126 127 128 129 130 131 132 133 134 135 
136 137 138 139 140 141 142 143 144 145 146 147 148 149 150 
151 152 153 154 155 156 157 158 
 block left edge is at -399
 the longest block length is 34720
 building the steiner trees
 rebuilding the steiner tree

----start doing coarse global routing ------ 
 ITERATION  1

  longest Row is:5   Its length is:29440
 doing feed-through pins assignment
 building the net-tree now !
 set up the global routing grids
 the starting value of tracks =  156
 tracks = 145 at attempts =  1000
 tracks = 145 at attempts =  2000
 tracks = 143 at attempts =  3000
 tracks = 143 at attempts =  4000
 tracks = 143 at attempts =  5000
 tracks = 143 at attempts =  6000
 tracks = 143 at attempts =  7000
 tracks = 143 at attempts =  8000
 tracks = 143 at attempts =  9000
 tracks = 143 at attempts = 10000
 tracks = 143 at attempts = 11000
 tracks = 143 at attempts = 12000
 tracks = 143 at attempts = 13000
 tracks = 143 at attempts = 14000
 tracks = 143 at attempts = 15000
 tracks = 143 at attempts = 16000
 tracks = 143 at attempts = 17000
 removing redundant feed-through pins
 the connectivity of all the nets is verified

 block left edge is at -399
 the longest block length is 34720
 building the steiner trees
 rebuilding the steiner tree

----start doing coarse global routing ------ 
 ITERATION  1

  longest Row is:5   Its length is:29440
 doing feed-through pins assignment
 building the net-tree now !
 set up the global routing grids
 the starting value of tracks =  151
 tracks = 144 at attempts =  1000
 tracks = 139 at attempts =  2000
 tracks = 137 at attempts =  3000
 tracks = 137 at attempts =  4000
 tracks = 137 at attempts =  5000
 tracks = 137 at attempts =  6000
 tracks = 137 at attempts =  7000
 tracks = 137 at attempts =  8000
 tracks = 137 at attempts =  9000
 tracks = 137 at attempts = 10000
 tracks = 137 at attempts = 11000
 tracks = 137 at attempts = 12000
 tracks = 137 at attempts = 13000
 tracks = 137 at attempts = 14000
 tracks = 137 at attempts = 15000
 tracks = 137 at attempts = 16000
 tracks = 137 at attempts = 17000
 removing redundant feed-through pins
 the connectivity of all the nets is verified

 block left edge is at -399
 the longest block length is 34720
 building the steiner trees
 rebuilding the steiner tree

----start doing coarse global routing ------ 
 ITERATION  1

  longest Row is:5   Its length is:29440
 doing feed-through pins assignment
 building the net-tree now !
 set up the global routing grids
 the starting value of tracks =  152
 tracks = 141 at attempts =  1000
 tracks = 138 at attempts =  2000
 tracks = 138 at attempts =  3000
 tracks = 137 at attempts =  4000
 tracks = 137 at attempts =  5000
 tracks = 137 at attempts =  6000
 tracks = 137 at attempts =  7000
 tracks = 137 at attempts =  8000
 tracks = 137 at attempts =  9000
 tracks = 137 at attempts = 10000
 tracks = 137 at attempts = 11000
 tracks = 137 at attempts = 12000
 tracks = 137 at attempts = 13000
 tracks = 137 at attempts = 14000
 tracks = 137 at attempts = 15000
 tracks = 137 at attempts = 16000
 tracks = 137 at attempts = 17000
 removing redundant feed-through pins
 the connectivity of all the nets is verified

 block left edge is at -399
 the longest block length is 34720
 building the steiner trees
 rebuilding the steiner tree

----start doing coarse global routing ------ 
 ITERATION  1

  longest Row is:5   Its length is:29440
 doing feed-through pins assignment
 building the net-tree now !
 set up the global routing grids
 the starting value of tracks =  158
 tracks = 158 at attempts =  1000
 tracks = 158 at attempts =  2000
 tracks = 158 at attempts =  3000
 tracks = 158 at attempts =  4000
 tracks = 158 at attempts =  5000
 tracks = 158 at attempts =  6000
 tracks = 158 at attempts =  7000
 tracks = 158 at attempts =  8000
 tracks = 158 at attempts =  9000
 tracks = 158 at attempts = 10000
 tracks = 158 at attempts = 11000
 tracks = 158 at attempts = 12000
 tracks = 158 at attempts = 13000
 tracks = 158 at attempts = 14000
 tracks = 158 at attempts = 15000
 tracks = 158 at attempts = 16000
 tracks = 158 at attempts = 17000
 removing redundant feed-through pins
 the connectivity of all the nets is verified

 block left edge is at -399
 the longest block length is 34720
 building the steiner trees
 rebuilding the steiner tree

----start doing coarse global routing ------ 
 ITERATION  1

  longest Row is:5   Its length is:29440
 doing feed-through pins assignment
 building the net-tree now !
 set up the global routing grids
 the starting value of tracks =  153
 tracks = 144 at attempts =  1000
 tracks = 142 at attempts =  2000
 tracks = 140 at attempts =  3000
 tracks = 139 at attempts =  4000
 tracks = 139 at attempts =  5000
 tracks = 139 at attempts =  6000
 tracks = 139 at attempts =  7000
 tracks = 139 at attempts =  8000
 tracks = 139 at attempts =  9000
 tracks = 139 at attempts = 10000
 tracks = 139 at attempts = 11000
 tracks = 139 at attempts = 12000
 tracks = 139 at attempts = 13000
 tracks = 139 at attempts = 14000
 tracks = 139 at attempts = 15000
 tracks = 139 at attempts = 16000
 tracks = 139 at attempts = 17000
 removing redundant feed-through pins
 the connectivity of all the nets is verified

 block left edge is at -399
 the longest block length is 34720
 building the steiner trees
 rebuilding the steiner tree

----start doing coarse global routing ------ 
 ITERATION  1

  longest Row is:5   Its length is:29440
 doing feed-through pins assignment
 building the net-tree now !
 set up the global routing grids
 the starting value of tracks =  151
 tracks = 144 at attempts =  1000
 tracks = 141 at attempts =  2000
 tracks = 141 at attempts =  3000
 tracks = 141 at attempts =  4000
 tracks = 141 at attempts =  5000
 tracks = 141 at attempts =  6000
 tracks = 141 at attempts =  7000
 tracks = 141 at attempts =  8000
 tracks = 141 at attempts =  9000
 tracks = 141 at attempts = 10000
 tracks = 141 at attempts = 11000
 tracks = 141 at attempts = 12000
 tracks = 141 at attempts = 13000
 tracks = 141 at attempts = 14000
 tracks = 141 at attempts = 15000
 tracks = 141 at attempts = 16000
 tracks = 141 at attempts = 17000
 removing redundant feed-through pins
 the connectivity of all the nets is verified

 block left edge is at -399
 the longest block length is 34720
 building the steiner trees
 rebuilding the steiner tree

----start doing coarse global routing ------ 
 ITERATION  1

  longest Row is:5   Its length is:29440
 doing feed-through pins assignment
 building the net-tree now !
 set up the global routing grids
 the starting value of tracks =  157
 tracks = 145 at attempts =  1000
 tracks = 144 at attempts =  2000
 tracks = 144 at attempts =  3000
 tracks = 143 at attempts =  4000
 tracks = 143 at attempts =  5000
 tracks = 143 at attempts =  6000
 tracks = 143 at attempts =  7000
 tracks = 143 at attempts =  8000
 tracks = 143 at attempts =  9000
 tracks = 143 at attempts = 10000
 tracks = 143 at attempts = 11000
 tracks = 143 at attempts = 12000
 tracks = 143 at attempts = 13000
 tracks = 143 at attempts = 14000
 tracks = 143 at attempts = 15000
 tracks = 143 at attempts = 16000
 tracks = 143 at attempts = 17000
 removing redundant feed-through pins
 the connectivity of all the nets is verified

 block left edge is at -399
 the longest block length is 34720
 building the steiner trees
 rebuilding the steiner tree

----start doing coarse global routing ------ 
 ITERATION  1

  longest Row is:5   Its length is:29440
 doing feed-through pins assignment
 building the net-tree now !
 set up the global routing grids
 the starting value of tracks =  161
 tracks = 161 at attempts =  1000
 tracks = 161 at attempts =  2000
 tracks = 161 at attempts =  3000
 tracks = 161 at attempts =  4000
 tracks = 161 at attempts =  5000
 tracks = 161 at attempts =  6000
 tracks = 161 at attempts =  7000
 tracks = 161 at attempts =  8000
 tracks = 161 at attempts =  9000
 tracks = 161 at attempts = 10000
 tracks = 161 at attempts = 11000
 tracks = 161 at attempts = 12000
 tracks = 161 at attempts = 13000
 tracks = 161 at attempts = 14000
 tracks = 161 at attempts = 15000
 tracks = 161 at attempts = 16000
 tracks = 161 at attempts = 17000
 removing redundant feed-through pins
 the connectivity of all the nets is verified


***********************************************
*ACTUAL* FINAL NUMBER OF ROUTING TRACKS: 137
***********************************************


TimberWolfSC terminated normally with no errors and 0 warning[s]


twflow terminated normally with no errors and 0 warning[s]

Running getfillcell to determine cell to use for fill.
getfillcell.tcl ALU  /usr/local/share/qflow/tech/osu035/osu035_stdcells.lef FILL
Using cell FILL for fill
Running place2def to translate graywolf output to DEF format.
place2def.tcl ALU FILL 
Running place2def.tcl
DEF database: 100 units per micron
Limits: xbot = -750.0 ybot = -530.0 xtop = 29390.0 ytop = 26130.0
Core values: 80.0 100 29520.0 26100
Offsets: 80.0 100
4 routing layers
metal1: 135 vertical tracks from -4um with 2um pitch
metal2: 191 vertical tracks from -3.2um with 1.6um pitch
metal3: 135 vertical tracks from -4um with 2um pitch
metal4: 96 vertical tracks from -3.2um with 3.2um pitch
Summary: Total components = 657
  Fill cells  = 0
  Other cells = 657
Done with place2def.tcl
Running addspacers to generate power stripes and align cell right edge
addspacers.tcl  -stripe 5.0 150.0 PG ALU  /usr/local/share/qflow/tech/osu035/osu035_stdcells.lef FILL
Reading FILL macros from LEF file.
Reading DEF file ALU.def. . .
Number of rows is 13
Longest row has width 295.2 um
addspacers:  No room for stripes, pitch reduced from 14880.0 to 12192.0.
addspacers:  Inserting 2 stripes of width 4.8 um (5.0 um requested)
  Pitch 121.92 um, offset 86.4 um
stretch:  Number of components is 753
Analysis of DEF file:
Number of components = 657
New number of components = 753
Number of rows = 13
Adjusting obstructions for power striping
Done with addspacers.tcl
Running arrangepins to adjust pin positions for optimal routing.
arrangepins.tcl  ALU
Reading info file ALU.info. . .
Reading DEF file ALU.def. . .
Recalculating pin positions
Writing DEF file ALU_mod.def. . .
Done with arrangepins.tcl
blifanno.tcl /home/vboxuser/vsdflow/synthesis/ALU.blif ALU.def /home/vboxuser/vsdflow/synthesis/ALU_anno.blif
Running blifanno.tcl
Reading DEF file ALU.def. . .
Done with blifanno.tcl

Generating RTL verilog and SPICE netlist file in directory
   /home/vboxuser/vsdflow/synthesis
Files:
   Verilog: /home/vboxuser/vsdflow/synthesis/ALU.rtl.v
   Verilog: /home/vboxuser/vsdflow/synthesis/ALU.rtlnopwr.v
   Verilog: /home/vboxuser/vsdflow/synthesis/ALU.rtlbb.v
   Spice:   /home/vboxuser/vsdflow/synthesis/ALU.spc

Running blif2Verilog.
Running blif2BSpice.
Placement script ended on Fri Jul 26 20:52:24 IST 2024
